<?xml version="1.0" encoding="UTF-8"?>
<testsuite name="com.bestbuy.bestbyuinfo.CURDTestWithSteps" time="9.401" tests="10" errors="0" skipped="0" failures="1">
  <properties>
[...]
</properties>
  <testcase name="test01" classname="com.bestbuy.bestbyuinfo.CURDTestWithSteps" time="6.054"/>
  <testcase name="test02" classname="com.bestbuy.bestbyuinfo.CURDTestWithSteps" time="0.722"/>
  <testcase name="test03" classname="com.bestbuy.bestbyuinfo.CURDTestWithSteps" time="1.274"/>
  <testcase name="test04" classname="com.bestbuy.bestbyuinfo.CURDTestWithSteps" time="0.604"/>
  <testcase name="test05" classname="com.bestbuy.bestbyuinfo.CURDTestWithSteps" time="0.094"/>
  <testcase name="test06" classname="com.bestbuy.bestbyuinfo.CURDTestWithSteps" time="0.216"/>
  <testcase name="test07" classname="com.bestbuy.bestbyuinfo.CURDTestWithSteps" time="0.033"/>
  <testcase name="test08" classname="com.bestbuy.bestbyuinfo.CURDTestWithSteps" time="0.225"/>
  <testcase name="test09" classname="com.bestbuy.bestbyuinfo.CURDTestWithSteps" time="0.097">
    <failure message="1 expectation failed.&#10;Expected status code &lt;200&gt; but was &lt;400&gt;.&#10;" type="java.lang.AssertionError"><![CDATA[java.lang.AssertionError: 1 expectation failed.
Expected status code <200> but was <400>.

	at sun.reflect.NativeConstructorAccessorImpl.newInstance0(Native Method)
	at sun.reflect.NativeConstructorAccessorImpl.newInstance(NativeConstructorAccessorImpl.java:62)
	at sun.reflect.DelegatingConstructorAccessorImpl.newInstance(DelegatingConstructorAccessorImpl.java:45)
	at java.lang.reflect.Constructor.newInstance(Constructor.java:423)
	at org.codehaus.groovy.reflection.CachedConstructor.invoke(CachedConstructor.java:83)
	at org.codehaus.groovy.reflection.CachedConstructor.doConstructorInvoke(CachedConstructor.java:77)
	at org.codehaus.groovy.runtime.callsite.ConstructorSite$ConstructorSiteNoUnwrap.callConstructor(ConstructorSite.java:84)
	at org.codehaus.groovy.runtime.callsite.CallSiteArray.defaultCallConstructor(CallSiteArray.java:60)
	at org.codehaus.groovy.runtime.callsite.AbstractCallSite.callConstructor(AbstractCallSite.java:235)
	at org.codehaus.groovy.runtime.callsite.AbstractCallSite.callConstructor(AbstractCallSite.java:247)
	at io.restassured.internal.ResponseSpecificationImpl$HamcrestAssertionClosure.validate(ResponseSpecificationImpl.groovy:471)
	at io.restassured.internal.ResponseSpecificationImpl$HamcrestAssertionClosure$validate$1.call(Unknown Source)
	at io.restassured.internal.ResponseSpecificationImpl.validateResponseIfRequired(ResponseSpecificationImpl.groovy:636)
	at sun.reflect.NativeMethodAccessorImpl.invoke0(Native Method)
	at sun.reflect.NativeMethodAccessorImpl.invoke(NativeMethodAccessorImpl.java:62)
	at sun.reflect.DelegatingMethodAccessorImpl.invoke(DelegatingMethodAccessorImpl.java:43)
	at java.lang.reflect.Method.invoke(Method.java:498)
	at org.codehaus.groovy.runtime.callsite.PogoMetaMethodSite$PogoCachedMethodSiteNoUnwrapNoCoerce.invoke(PogoMetaMethodSite.java:210)
	at org.codehaus.groovy.runtime.callsite.PogoMetaMethodSite.callCurrent(PogoMetaMethodSite.java:59)
	at org.codehaus.groovy.runtime.callsite.AbstractCallSite.callCurrent(AbstractCallSite.java:166)
	at io.restassured.internal.ResponseSpecificationImpl.statusCode(ResponseSpecificationImpl.groovy:122)
	at io.restassured.specification.ResponseSpecification$statusCode$0.callCurrent(Unknown Source)
	at io.restassured.internal.ResponseSpecificationImpl.statusCode(ResponseSpecificationImpl.groovy:130)
	at io.restassured.internal.ValidatableResponseOptionsImpl.statusCode(ValidatableResponseOptionsImpl.java:117)
	at com.bestbuy.bestbyuinfo.CURDTestWithSteps.test09(CURDTestWithSteps.java:197)
]]></failure>
    <system-out><![CDATA[Request method:	PUT
Request URI:	http://localhost:3030/stores/4
Proxy:			<none>
Request params:	<none>
Query params:	<none>
Form params:	<none>
Path params:	id=4
Multiparts:		<none>
Headers:		Accept=*/*
				Content-Type=application/json; charset=UTF-8
Cookies:		<none>
Body:
{
    "name": "White Light68816_updated",
    "type": "Bulb",
    "address": "10 Downing Street",
    "address2": "",
    "city": "WestMinister",
    "state": "London",
    "zip": "EC1B 2JL",
    "lat": 0,
    "lng": 0,
    "hours": null
}
HTTP/1.1 400 Bad Request
X-Powered-By: Express
Access-Control-Allow-Origin: *
Allow: GET,POST,PUT,PATCH,DELETE
Content-Type: application/json; charset=utf-8
Content-Length: 137
ETag: W/"89-m+peu1ZTLPQidm+2BsmANazMblY"
Vary: Accept-Encoding
Date: Mon, 02 Jan 2023 21:03:34 GMT
Connection: keep-alive

{
    "name": "BadRequest",
    "message": "Invalid Parameters",
    "code": 400,
    "className": "bad-request",
    "data": {
        
    },
    "errors": [
        "'hours' should be string"
    ]
}
]]></system-out>
    <system-err><![CDATA[10256 [main] INFO net.serenitybdd.core.Serenity - 
        __    _____ _____ ____ _____   ____   _    ____  ____  _____ ____  
  _     \ \  |_   _| ____/ ___|_   _| |  _ \ / \  / ___|/ ___|| ____|  _ \ 
 (_)_____| |   | | |  _| \___ \ | |   | |_) / _ \ \___ \\___ \|  _| | | | |
  _|_____| |   | | | |___ ___) || |   |  __/ ___ \ ___) |___) | |___| |_| |
 (_)     | |   |_| |_____|____/ |_|   |_| /_/   \_\____/|____/|_____|____/ 
        /_/                                                                

TEST PASSED: Verify new store's created in application
----------------------------------------------------------------------------
10258 [main] INFO net.serenitybdd.core.Serenity - 
 _____ _____ ____ _____   ____ _____  _    ____ _____ _____ ____  
|_   _| ____/ ___|_   _| / ___|_   _|/ \  |  _ \_   _| ____|  _ \ 
  | | |  _| \___ \ | |   \___ \ | | / _ \ | |_) || | |  _| | | | |
  | | | |___ ___) || |    ___) || |/ ___ \|  _ < | | | |___| |_| |
  |_| |_____|____/ |_|   |____/ |_/_/   \_\_| \_\|_| |_____|____/ 
                                                                  

TEST STARTED: test09
-------------------------------------------------------------------
10259 [main] INFO net.serenitybdd.core.Serenity - TEST NUMBER: 9
]]></system-err>
  </testcase>
  <testcase name="test10" classname="com.bestbuy.bestbyuinfo.CURDTestWithSteps" time="0.082"/>
</testsuite>